#
# There is insufficient memory for the Java Runtime Environment to continue.
# Native memory allocation (mmap) failed to map 65536 bytes for Failed to commit metaspace.
# Possible reasons:
#   The system is out of physical RAM or swap space
#   The process is running with CompressedOops enabled, and the Java Heap may be blocking the growth of the native heap
# Possible solutions:
#   Reduce memory load on the system
#   Increase physical memory or swap space
#   Check if swap backing store is full
#   Decrease Java heap size (-Xmx/-Xms)
#   Decrease number of Java threads
#   Decrease Java thread stack sizes (-Xss)
#   Set larger code cache with -XX:ReservedCodeCacheSize=
#   JVM is running with Unscaled Compressed Oops mode in which the Java heap is
#     placed in the first 4GB address space. The Java Heap base address is the
#     maximum limit for the native heap growth. Please use -XX:HeapBaseMinAddress
#     to set the Java Heap base and to place the Java Heap above 4GB virtual address.
# This output file may be truncated or incomplete.
#
#  Out of Memory Error (virtualSpaceNode.cpp:110), pid=16044, tid=736
#
# JRE version: OpenJDK Runtime Environment Temurin-17.0.9+9 (17.0.9+9) (build 17.0.9+9)
# Java VM: OpenJDK 64-Bit Server VM Temurin-17.0.9+9 (17.0.9+9, mixed mode, tiered, compressed oops, compressed class ptrs, g1 gc, windows-amd64)
# No core dump will be written. Minidumps are not enabled by default on client versions of Windows
#

---------------  S U M M A R Y ------------

Command Line: -Dfile.encoding=UTF-8 -Dstdout.encoding=UTF-8 -Dstderr.encoding=UTF-8 -XX:+ShowCodeDetailsInExceptionMessages ExplicitWaitPart1

Host: Intel(R) Core(TM) i3-3217U CPU @ 1.80GHz, 4 cores, 5G,  Windows 10 , 64 bit Build 19041 (10.0.19041.3636)
Time: Sun Dec  3 19:55:30 2023 Sri Lanka Standard Time elapsed time: 5.194018 seconds (0d 0h 0m 5s)

---------------  T H R E A D  ---------------

Current thread (0x000001116308fa60):  JavaThread "main" [_thread_in_vm, id=736, stack(0x0000000ca4200000,0x0000000ca4300000)]

Stack: [0x0000000ca4200000,0x0000000ca4300000]
Native frames: (J=compiled Java code, j=interpreted, Vv=VM code, C=native code)
V  [jvm.dll+0x67cf49]
V  [jvm.dll+0x83478a]
V  [jvm.dll+0x83624e]
V  [jvm.dll+0x8368b3]
V  [jvm.dll+0x247f1f]
V  [jvm.dll+0x83044b]
V  [jvm.dll+0x621776]
V  [jvm.dll+0x6217da]
V  [jvm.dll+0x62400a]
V  [jvm.dll+0x622116]
V  [jvm.dll+0x24588c]
V  [jvm.dll+0x6d3dfd]
V  [jvm.dll+0x6d483f]
V  [jvm.dll+0x373e84]
V  [jvm.dll+0x372f04]
V  [jvm.dll+0x372ea8]
V  [jvm.dll+0x382e8a]
C  0x000001116f4bb53b

The last pc belongs to new (printed below).
Java frames: (J=compiled Java code, j=interpreted, Vv=VM code)
j  java.util.Locale.forLanguageTag(Ljava/lang/String;)Ljava/util/Locale;+6 java.base@17.0.9
j  sun.util.cldr.CLDRBaseLocaleDataMetaInfo.<clinit>()V+48 java.base@17.0.9
v  ~StubRoutines::call_stub
j  sun.util.cldr.CLDRLocaleProviderAdapter.<clinit>()V+0 java.base@17.0.9
v  ~StubRoutines::call_stub
j  java.lang.Class.forName0(Ljava/lang/String;ZLjava/lang/ClassLoader;Ljava/lang/Class;)Ljava/lang/Class;+0 java.base@17.0.9
j  java.lang.Class.forName(Ljava/lang/String;)Ljava/lang/Class;+11 java.base@17.0.9
j  sun.util.locale.provider.LocaleProviderAdapter.forType(Lsun/util/locale/provider/LocaleProviderAdapter$Type;)Lsun/util/locale/provider/LocaleProviderAdapter;+65 java.base@17.0.9
j  sun.util.locale.provider.LocaleProviderAdapter.findAdapter(Ljava/lang/Class;Ljava/util/Locale;)Lsun/util/locale/provider/LocaleProviderAdapter;+29 java.base@17.0.9
j  sun.util.locale.provider.LocaleProviderAdapter.getAdapter(Ljava/lang/Class;Ljava/util/Locale;)Lsun/util/locale/provider/LocaleProviderAdapter;+55 java.base@17.0.9
j  java.text.NumberFormat.getInstance(Ljava/util/Locale;Ljava/text/NumberFormat$Style;I)Ljava/text/NumberFormat;+3 java.base@17.0.9
j  java.text.NumberFormat.getInstance(Ljava/util/Locale;)Ljava/text/NumberFormat;+3 java.base@17.0.9
j  java.text.MessageFormat.subformat([Ljava/lang/Object;Ljava/lang/StringBuffer;Ljava/text/FieldPosition;Ljava/util/List;)Ljava/lang/StringBuffer;+200 java.base@17.0.9
j  java.text.MessageFormat.format(Ljava/lang/Object;Ljava/lang/StringBuffer;Ljava/text/FieldPosition;)Ljava/lang/StringBuffer;+8 java.base@17.0.9
j  java.text.Format.format(Ljava/lang/Object;)Ljava/lang/String;+17 java.base@17.0.9
j  java.text.MessageFormat.format(Ljava/lang/String;[Ljava/lang/Object;)Ljava/lang/String;+11 java.base@17.0.9
j  java.util.logging.Formatter.formatMessage(Ljava/util/logging/LogRecord;)Ljava/lang/String;+109 java.logging@17.0.9
j  java.util.logging.SimpleFormatter.format(Ljava/util/logging/LogRecord;)Ljava/lang/String;+51 java.logging@17.0.9
j  java.util.logging.StreamHandler.publish(Ljava/util/logging/LogRecord;)V+14 java.logging@17.0.9
j  java.util.logging.ConsoleHandler.publish(Ljava/util/logging/LogRecord;)V+2 java.logging@17.0.9
j  java.util.logging.Logger.log(Ljava/util/logging/LogRecord;)V+90 java.logging@17.0.9
j  java.util.logging.Logger.doLog(Ljava/util/logging/LogRecord;)V+46 java.logging@17.0.9
j  java.util.logging.Logger.log(Ljava/util/logging/Level;Ljava/lang/String;Ljava/lang/Object;)V+40 java.logging@17.0.9
j  org.openqa.selenium.devtools.CdpVersionFinder.findNearestMatch(I)Ljava/util/Optional;+126
j  org.openqa.selenium.devtools.CdpVersionFinder.fromMatcher(Ljava/util/regex/Matcher;)Ljava/util/Optional;+20
j  org.openqa.selenium.devtools.CdpVersionFinder.match(Ljava/lang/String;)Ljava/util/Optional;+17
j  org.openqa.selenium.chromium.ChromiumDriver.<init>(Lorg/openqa/selenium/remote/CommandExecutor;Lorg/openqa/selenium/Capabilities;Ljava/lang/String;)V+303
j  org.openqa.selenium.chrome.ChromeDriver.<init>(Lorg/openqa/selenium/chrome/ChromeDriverService;Lorg/openqa/selenium/chrome/ChromeOptions;Lorg/openqa/selenium/remote/http/ClientConfig;)V+10
j  org.openqa.selenium.chrome.ChromeDriver.<init>(Lorg/openqa/selenium/chrome/ChromeDriverService;Lorg/openqa/selenium/chrome/ChromeOptions;)V+6
j  org.openqa.selenium.chrome.ChromeDriver.<init>()V+11
j  ExplicitWaitPart1.main([Ljava/lang/String;)V+12
v  ~StubRoutines::call_stub
new  187 new  [0x000001116f4bb3a0, 0x000001116f4bb5c0]  544 bytes
[MachCode]
  0x000001116f4bb3a0: 4883 ec08 | c5fa 1104 | 24eb 1f48 | 83ec 10c5 | fb11 0424 | eb14 4883 | ec10 4889 | 0424 48c7 
  0x000001116f4bb3c0: 4424 0800 | 0000 00eb | 0150 410f | b755 010f | cac1 ea10 | 488b 4de8 | 488b 4908 | 488b 4908 
  0x000001116f4bb3e0: 488b 4108 | 807c 1004 | 070f 85d6 | 0000 0066 | 8b54 d148 | 488b 4928 | 488b 4cd1 | 0851 80b9 
  0x000001116f4bb400: 3301 0000 | 040f 85b9 | 0000 008b | 5108 f7c2 | 0100 0000 | 0f85 aa00 | 0000 498b | 8708 0100 
  0x000001116f4bb420: 0048 8d1c | 1049 3b9f | 1801 0000 | 0f87 9200 | 0000 4989 | 9f08 0100 | 00e9 0000 | 0000 4883 
  0x000001116f4bb440: ea10 0f84 | 0f00 0000 | 33c9 c1ea | 0348 894c | d008 48ff | ca75 f648 | c700 0100 | 0000 5933 
  0x000001116f4bb460: f689 700c | 48c1 e903 | 8948 0849 | ba2f 3554 | 58fc 7f00 | 0041 803a | 000f 8440 | 0000 0050 
  0x000001116f4bb480: 488b c848 | 83ec 20f7 | c40f 0000 | 000f 841a | 0000 0048 | 83ec 0849 | bae0 2b0a | 58fc 7f00 
  0x000001116f4bb4a0: 0041 ffd2 | 4883 c408 | e90d 0000 | 0049 bae0 | 2b0a 58fc | 7f00 0041 | ffd2 4883 | c420 58e9 
  0x000001116f4bb4c0: cd00 0000 | 5948 8b55 | e848 8b52 | 0848 8b52 | 0845 0fb7 | 4501 410f | c841 c1e8 | 10e8 0500 
  0x000001116f4bb4e0: 0000 e9aa | 0000 0048 | 8d44 2408 | 4c89 6dc0 | 498b cfc5 | f877 4989 | afa8 0200 | 0049 8987 
  0x000001116f4bb500: 9802 0000 | 4883 ec20 | f7c4 0f00 | 0000 0f84 | 1a00 0000 | 4883 ec08 | 49ba 002e | d457 fc7f 
  0x000001116f4bb520: 0000 41ff | d248 83c4 | 08e9 0d00 | 0000 49ba | 002e d457 | fc7f 0000 | 41ff d248 | 83c4 2049 
  0x000001116f4bb540: c787 9802 | 0000 0000 | 0000 49c7 | 87a8 0200 | 0000 0000 | 0049 c787 | a002 0000 | 0000 0000 
  0x000001116f4bb560: c5f8 7749 | 817f 0800 | 0000 000f | 8405 0000 | 00e9 8a59 | feff 498b | 87f0 0200 | 0049 c787 
  0x000001116f4bb580: f002 0000 | 0000 0000 | 4c8b 6dc0 | 4c8b 75c8 | c341 0fb6 | 5d03 4983 | c503 49ba | 909a 5658 
  0x000001116f4bb5a0: fc7f 0000 | 41ff 24da | 0000 0000 | 0000 0000 | 0000 0000 | 0000 0000 | 0000 0000 | 0000 0000 
[/MachCode]

---------------  P R O C E S S  ---------------

Threads class SMR info:
_java_thread_list=0x000001117e435610, length=26, elements={
0x000001116308fa60, 0x000001117d3cd020, 0x000001117d3cdbb0, 0x000001117d3b90e0,
0x000001117d3b99b0, 0x000001117d3f33f0, 0x000001117d3f3cc0, 0x000001117d518090,
0x000001117d575cc0, 0x000001117d58e1b0, 0x000001117d683f30, 0x000001117d690c60,
0x000001117d70dfe0, 0x000001117e2467e0, 0x000001117e27ca60, 0x000001117e29ced0,
0x000001117e29d3b0, 0x000001117e29f470, 0x000001117d833010, 0x000001117d832b00,
0x000001117d8325f0, 0x000001117d833520, 0x000001117d833a30, 0x000001117d833f40,
0x000001117e37b0b0, 0x000001117e374660
}

Java Threads: ( => current thread )
=>0x000001116308fa60 JavaThread "main" [_thread_in_vm, id=736, stack(0x0000000ca4200000,0x0000000ca4300000)]
  0x000001117d3cd020 JavaThread "Reference Handler" daemon [_thread_blocked, id=6016, stack(0x0000000ca4900000,0x0000000ca4a00000)]
  0x000001117d3cdbb0 JavaThread "Finalizer" daemon [_thread_blocked, id=15820, stack(0x0000000ca4a00000,0x0000000ca4b00000)]
  0x000001117d3b90e0 JavaThread "Signal Dispatcher" daemon [_thread_blocked, id=18824, stack(0x0000000ca4b00000,0x0000000ca4c00000)]
  0x000001117d3b99b0 JavaThread "Attach Listener" daemon [_thread_blocked, id=15796, stack(0x0000000ca4c00000,0x0000000ca4d00000)]
  0x000001117d3f33f0 JavaThread "Service Thread" daemon [_thread_blocked, id=18980, stack(0x0000000ca4d00000,0x0000000ca4e00000)]
  0x000001117d3f3cc0 JavaThread "Monitor Deflation Thread" daemon [_thread_blocked, id=1136, stack(0x0000000ca4e00000,0x0000000ca4f00000)]
  0x000001117d518090 JavaThread "C2 CompilerThread0" daemon [_thread_in_native, id=17824, stack(0x0000000ca4f00000,0x0000000ca5000000)]
  0x000001117d575cc0 JavaThread "C1 CompilerThread0" daemon [_thread_blocked, id=18020, stack(0x0000000ca5000000,0x0000000ca5100000)]
  0x000001117d58e1b0 JavaThread "Sweeper thread" daemon [_thread_blocked, id=16740, stack(0x0000000ca5100000,0x0000000ca5200000)]
  0x000001117d683f30 JavaThread "Notification Thread" daemon [_thread_blocked, id=14584, stack(0x0000000ca5200000,0x0000000ca5300000)]
  0x000001117d690c60 JavaThread "Common-Cleaner" daemon [_thread_blocked, id=17856, stack(0x0000000ca5400000,0x0000000ca5500000)]
  0x000001117d70dfe0 JavaThread "ForkJoinPool.commonPool-worker-1" daemon [_thread_blocked, id=15124, stack(0x0000000ca5500000,0x0000000ca5600000)]
  0x000001117e2467e0 JavaThread "HttpClient-1-SelectorManager" daemon [_thread_in_native, id=13368, stack(0x0000000ca5a00000,0x0000000ca5b00000)]
  0x000001117e27ca60 JavaThread "Thread-0" [_thread_in_native, id=2908, stack(0x0000000ca5b00000,0x0000000ca5c00000)]
  0x000001117e29ced0 JavaThread "Driver Service Executor" daemon [_thread_blocked, id=13040, stack(0x0000000ca5c00000,0x0000000ca5d00000)]
  0x000001117e29d3b0 JavaThread "Driver Service Executor" daemon [_thread_in_native, id=8524, stack(0x0000000ca5d00000,0x0000000ca5e00000)]
  0x000001117e29f470 JavaThread "UrlChecker-2" daemon [_thread_blocked, id=17068, stack(0x0000000ca5e00000,0x0000000ca5f00000)]
  0x000001117d833010 JavaThread "Keep-Alive-Timer" daemon [_thread_blocked, id=7860, stack(0x0000000ca6000000,0x0000000ca6100000)]
  0x000001117d832b00 JavaThread "pool-1-thread-1" [_thread_blocked, id=2828, stack(0x0000000ca6100000,0x0000000ca6200000)]
  0x000001117d8325f0 JavaThread "pool-1-thread-2" [_thread_blocked, id=14316, stack(0x0000000ca6200000,0x0000000ca6300000)]
  0x000001117d833520 JavaThread "pool-1-thread-3" [_thread_blocked, id=11340, stack(0x0000000ca6300000,0x0000000ca6400000)]
  0x000001117d833a30 JavaThread "HttpClient-2-SelectorManager" daemon [_thread_in_native, id=13864, stack(0x0000000ca6400000,0x0000000ca6500000)]
  0x000001117d833f40 JavaThread "pool-2-thread-1" [_thread_blocked, id=7252, stack(0x0000000ca6500000,0x0000000ca6600000)]
  0x000001117e37b0b0 JavaThread "pool-2-thread-2" [_thread_blocked, id=13936, stack(0x0000000ca6600000,0x0000000ca6700000)]
  0x000001117e374660 JavaThread "pool-2-thread-3" [_thread_blocked, id=10784, stack(0x0000000ca6700000,0x0000000ca6800000)]

Other Threads:
  0x000001117d3a9e50 VMThread "VM Thread" [stack: 0x0000000ca4800000,0x0000000ca4900000] [id=18208]
  0x000001117d647b30 WatcherThread [stack: 0x0000000ca5300000,0x0000000ca5400000] [id=16068]
  0x00000111630da840 GCTaskThread "GC Thread#0" [stack: 0x0000000ca4300000,0x0000000ca4400000] [id=72]
  0x000001117e1d60b0 GCTaskThread "GC Thread#1" [stack: 0x0000000ca5600000,0x0000000ca5700000] [id=14372]
  0x000001117e201980 GCTaskThread "GC Thread#2" [stack: 0x0000000ca5700000,0x0000000ca5800000] [id=2888]
  0x000001117e201c40 GCTaskThread "GC Thread#3" [stack: 0x0000000ca5800000,0x0000000ca5900000] [id=16172]
  0x00000111630e7c80 ConcurrentGCThread "G1 Main Marker" [stack: 0x0000000ca4400000,0x0000000ca4500000] [id=17256]
  0x00000111630e86a0 ConcurrentGCThread "G1 Conc#0" [stack: 0x0000000ca4500000,0x0000000ca4600000] [id=15600]
  0x000001117d210090 ConcurrentGCThread "G1 Refine#0" [stack: 0x0000000ca4600000,0x0000000ca4700000] [id=10744]
  0x000001117dc751d0 ConcurrentGCThread "G1 Refine#1" [stack: 0x0000000ca5900000,0x0000000ca5a00000] [id=9204]
  0x000001116313dc00 ConcurrentGCThread "G1 Service" [stack: 0x0000000ca4700000,0x0000000ca4800000] [id=15204]

Threads with active compile tasks:
C2 CompilerThread0     5357 1600       4       java.lang.invoke.MethodType::makeImpl (109 bytes)

VM state: not at safepoint (normal execution)

VM Mutex/Monitor currently owned by a thread:  ([mutex/lock_event])
[0x000001116308a390] Metaspace_lock - owner thread: 0x000001116308fa60

Heap address: 0x00000000a1c00000, size: 1508 MB, Compressed Oops mode: 32-bit

CDS archive(s) not mapped
Compressed class space mapped at: 0x0000000100000000-0x0000000140000000, reserved size: 1073741824
Narrow klass base: 0x0000000000000000, Narrow klass shift: 3, Narrow klass range: 0x140000000

GC Precious Log:
 CPUs: 4 total, 4 available
 Memory: 6025M
 Large Page Support: Disabled
 NUMA Support: Disabled
 Compressed Oops: Enabled (32-bit)
 Heap Region Size: 1M
 Heap Min Capacity: 8M
 Heap Initial Capacity: 96M
 Heap Max Capacity: 1508M
 Pre-touch: Disabled
 Parallel Workers: 4
 Concurrent Workers: 1
 Concurrent Refinement Workers: 4
 Periodic GC: Disabled

Heap:
 garbage-first heap   total 98304K, used 16656K [0x00000000a1c00000, 0x0000000100000000)
  region size 1024K, 12 young (12288K), 2 survivors (2048K)
 Metaspace       used 20982K, committed 21248K, reserved 1114112K
  class space    used 2290K, committed 2432K, reserved 1048576K

Heap Regions: E=young(eden), S=young(survivor), O=old, HS=humongous(starts), HC=humongous(continues), CS=collection set, F=free, OA=open archive, CA=closed archive, TAMS=top-at-mark-start (previous, next)
|   0|0x00000000a1c00000, 0x00000000a1d00000, 0x00000000a1d00000|100%|HS|  |TAMS 0x00000000a1c00000, 0x00000000a1c00000| Complete 
|   1|0x00000000a1d00000, 0x00000000a1e00000, 0x00000000a1e00000|100%|HC|  |TAMS 0x00000000a1d00000, 0x00000000a1d00000| Complete 
|   2|0x00000000a1e00000, 0x00000000a1f00000, 0x00000000a1f00000|100%|HC|  |TAMS 0x00000000a1e00000, 0x00000000a1e00000| Complete 
|   3|0x00000000a1f00000, 0x00000000a2000000, 0x00000000a2000000|100%| O|  |TAMS 0x00000000a1f00000, 0x00000000a1f00000| Untracked 
|   4|0x00000000a2000000, 0x00000000a2100000, 0x00000000a2100000|100%| O|  |TAMS 0x00000000a2000000, 0x00000000a2000000| Untracked 
|   5|0x00000000a2100000, 0x00000000a2200000, 0x00000000a2200000|100%| O|  |TAMS 0x00000000a2100000, 0x00000000a2100000| Untracked 
|   6|0x00000000a2200000, 0x00000000a2220600, 0x00000000a2300000| 12%| O|  |TAMS 0x00000000a2200000, 0x00000000a2200000| Untracked 
|   7|0x00000000a2300000, 0x00000000a2300000, 0x00000000a2400000|  0%| F|  |TAMS 0x00000000a2300000, 0x00000000a2300000| Untracked 
|   8|0x00000000a2400000, 0x00000000a2400000, 0x00000000a2500000|  0%| F|  |TAMS 0x00000000a2400000, 0x00000000a2400000| Untracked 
|   9|0x00000000a2500000, 0x00000000a2500000, 0x00000000a2600000|  0%| F|  |TAMS 0x00000000a2500000, 0x00000000a2500000| Untracked 
|  10|0x00000000a2600000, 0x00000000a2600000, 0x00000000a2700000|  0%| F|  |TAMS 0x00000000a2600000, 0x00000000a2600000| Untracked 
|  11|0x00000000a2700000, 0x00000000a2700000, 0x00000000a2800000|  0%| F|  |TAMS 0x00000000a2700000, 0x00000000a2700000| Untracked 
|  12|0x00000000a2800000, 0x00000000a2800000, 0x00000000a2900000|  0%| F|  |TAMS 0x00000000a2800000, 0x00000000a2800000| Untracked 
|  13|0x00000000a2900000, 0x00000000a2900000, 0x00000000a2a00000|  0%| F|  |TAMS 0x00000000a2900000, 0x00000000a2900000| Untracked 
|  14|0x00000000a2a00000, 0x00000000a2a00000, 0x00000000a2b00000|  0%| F|  |TAMS 0x00000000a2a00000, 0x00000000a2a00000| Untracked 
|  15|0x00000000a2b00000, 0x00000000a2b00000, 0x00000000a2c00000|  0%| F|  |TAMS 0x00000000a2b00000, 0x00000000a2b00000| Untracked 
|  16|0x00000000a2c00000, 0x00000000a2c00000, 0x00000000a2d00000|  0%| F|  |TAMS 0x00000000a2c00000, 0x00000000a2c00000| Untracked 
|  17|0x00000000a2d00000, 0x00000000a2d00000, 0x00000000a2e00000|  0%| F|  |TAMS 0x00000000a2d00000, 0x00000000a2d00000| Untracked 
|  18|0x00000000a2e00000, 0x00000000a2e00000, 0x00000000a2f00000|  0%| F|  |TAMS 0x00000000a2e00000, 0x00000000a2e00000| Untracked 
|  19|0x00000000a2f00000, 0x00000000a2f00000, 0x00000000a3000000|  0%| F|  |TAMS 0x00000000a2f00000, 0x00000000a2f00000| Untracked 
|  20|0x00000000a3000000, 0x00000000a3000000, 0x00000000a3100000|  0%| F|  |TAMS 0x00000000a3000000, 0x00000000a3000000| Untracked 
|  21|0x00000000a3100000, 0x00000000a3100000, 0x00000000a3200000|  0%| F|  |TAMS 0x00000000a3100000, 0x00000000a3100000| Untracked 
|  22|0x00000000a3200000, 0x00000000a3200000, 0x00000000a3300000|  0%| F|  |TAMS 0x00000000a3200000, 0x00000000a3200000| Untracked 
|  23|0x00000000a3300000, 0x00000000a3300000, 0x00000000a3400000|  0%| F|  |TAMS 0x00000000a3300000, 0x00000000a3300000| Untracked 
|  24|0x00000000a3400000, 0x00000000a3400000, 0x00000000a3500000|  0%| F|  |TAMS 0x00000000a3400000, 0x00000000a3400000| Untracked 
|  25|0x00000000a3500000, 0x00000000a3500000, 0x00000000a3600000|  0%| F|  |TAMS 0x00000000a3500000, 0x00000000a3500000| Untracked 
|  26|0x00000000a3600000, 0x00000000a3600000, 0x00000000a3700000|  0%| F|  |TAMS 0x00000000a3600000, 0x00000000a3600000| Untracked 
|  27|0x00000000a3700000, 0x00000000a3700000, 0x00000000a3800000|  0%| F|  |TAMS 0x00000000a3700000, 0x00000000a3700000| Untracked 
|  28|0x00000000a3800000, 0x00000000a3800000, 0x00000000a3900000|  0%| F|  |TAMS 0x00000000a3800000, 0x00000000a3800000| Untracked 
|  29|0x00000000a3900000, 0x00000000a3900000, 0x00000000a3a00000|  0%| F|  |TAMS 0x00000000a3900000, 0x00000000a3900000| Untracked 
|  30|0x00000000a3a00000, 0x00000000a3a00000, 0x00000000a3b00000|  0%| F|  |TAMS 0x00000000a3a00000, 0x00000000a3a00000| Untracked 
|  31|0x00000000a3b00000, 0x00000000a3b00000, 0x00000000a3c00000|  0%| F|  |TAMS 0x00000000a3b00000, 0x00000000a3b00000| Untracked 
|  32|0x00000000a3c00000, 0x00000000a3c00000, 0x00000000a3d00000|  0%| F|  |TAMS 0x00000000a3c00000, 0x00000000a3c00000| Untracked 
|  33|0x00000000a3d00000, 0x00000000a3d00000, 0x00000000a3e00000|  0%| F|  |TAMS 0x00000000a3d00000, 0x00000000a3d00000| Untracked 
|  34|0x00000000a3e00000, 0x00000000a3e00000, 0x00000000a3f00000|  0%| F|  |TAMS 0x00000000a3e00000, 0x00000000a3e00000| Untracked 
|  35|0x00000000a3f00000, 0x00000000a3f00000, 0x00000000a4000000|  0%| F|  |TAMS 0x00000000a3f00000, 0x00000000a3f00000| Untracked 
|  36|0x00000000a4000000, 0x00000000a4000000, 0x00000000a4100000|  0%| F|  |TAMS 0x00000000a4000000, 0x00000000a4000000| Untracked 
|  37|0x00000000a4100000, 0x00000000a4100000, 0x00000000a4200000|  0%| F|  |TAMS 0x00000000a4100000, 0x00000000a4100000| Untracked 
|  38|0x00000000a4200000, 0x00000000a4200000, 0x00000000a4300000|  0%| F|  |TAMS 0x00000000a4200000, 0x00000000a4200000| Untracked 
|  39|0x00000000a4300000, 0x00000000a4300000, 0x00000000a4400000|  0%| F|  |TAMS 0x00000000a4300000, 0x00000000a4300000| Untracked 
|  40|0x00000000a4400000, 0x00000000a4400000, 0x00000000a4500000|  0%| F|  |TAMS 0x00000000a4400000, 0x00000000a4400000| Untracked 
|  41|0x00000000a4500000, 0x00000000a4500000, 0x00000000a4600000|  0%| F|  |TAMS 0x00000000a4500000, 0x00000000a4500000| Untracked 
|  42|0x00000000a4600000, 0x00000000a4600000, 0x00000000a4700000|  0%| F|  |TAMS 0x00000000a4600000, 0x00000000a4600000| Untracked 
|  43|0x00000000a4700000, 0x00000000a4700000, 0x00000000a4800000|  0%| F|  |TAMS 0x00000000a4700000, 0x00000000a4700000| Untracked 
|  44|0x00000000a4800000, 0x00000000a4800000, 0x00000000a4900000|  0%| F|  |TAMS 0x00000000a4800000, 0x00000000a4800000| Untracked 
|  45|0x00000000a4900000, 0x00000000a4900000, 0x00000000a4a00000|  0%| F|  |TAMS 0x00000000a4900000, 0x00000000a4900000| Untracked 
|  46|0x00000000a4a00000, 0x00000000a4a00000, 0x00000000a4b00000|  0%| F|  |TAMS 0x00000000a4a00000, 0x00000000a4a00000| Untracked 
|  47|0x00000000a4b00000, 0x00000000a4b00000, 0x00000000a4c00000|  0%| F|  |TAMS 0x00000000a4b00000, 0x00000000a4b00000| Untracked 
|  48|0x00000000a4c00000, 0x00000000a4c00000, 0x00000000a4d00000|  0%| F|  |TAMS 0x00000000a4c00000, 0x00000000a4c00000| Untracked 
|  49|0x00000000a4d00000, 0x00000000a4d00000, 0x00000000a4e00000|  0%| F|  |TAMS 0x00000000a4d00000, 0x00000000a4d00000| Untracked 
|  50|0x00000000a4e00000, 0x00000000a4e00000, 0x00000000a4f00000|  0%| F|  |TAMS 0x00000000a4e00000, 0x00000000a4e00000| Untracked 
|  51|0x00000000a4f00000, 0x00000000a4f00000, 0x00000000a5000000|  0%| F|  |TAMS 0x00000000a4f00000, 0x00000000a4f00000| Untracked 
|  52|0x00000000a5000000, 0x00000000a5000000, 0x00000000a5100000|  0%| F|  |TAMS 0x00000000a5000000, 0x00000000a5000000| Untracked 
|  53|0x00000000a5100000, 0x00000000a5100000, 0x00000000a5200000|  0%| F|  |TAMS 0x00000000a5100000, 0x00000000a5100000| Untracked 
|  54|0x00000000a5200000, 0x00000000a5200000, 0x00000000a5300000|  0%| F|  |TAMS 0x00000000a5200000, 0x00000000a5200000| Untracked 
|  55|0x00000000a5300000, 0x00000000a5300000, 0x00000000a5400000|  0%| F|  |TAMS 0x00000000a5300000, 0x00000000a5300000| Untracked 
|  56|0x00000000a5400000, 0x00000000a5400000, 0x00000000a5500000|  0%| F|  |TAMS 0x00000000a5400000, 0x00000000a5400000| Untracked 
|  57|0x00000000a5500000, 0x00000000a5500000, 0x00000000a5600000|  0%| F|  |TAMS 0x00000000a5500000, 0x00000000a5500000| Untracked 
|  58|0x00000000a5600000, 0x00000000a5600000, 0x00000000a5700000|  0%| F|  |TAMS 0x00000000a5600000, 0x00000000a5600000| Untracked 
|  59|0x00000000a5700000, 0x00000000a5700000, 0x00000000a5800000|  0%| F|  |TAMS 0x00000000a5700000, 0x00000000a5700000| Untracked 
|  60|0x00000000a5800000, 0x00000000a5800000, 0x00000000a5900000|  0%| F|  |TAMS 0x00000000a5800000, 0x00000000a5800000| Untracked 
|  61|0x00000000a5900000, 0x00000000a5900000, 0x00000000a5a00000|  0%| F|  |TAMS 0x00000000a5900000, 0x00000000a5900000| Untracked 
|  62|0x00000000a5a00000, 0x00000000a5a00000, 0x00000000a5b00000|  0%| F|  |TAMS 0x00000000a5a00000, 0x00000000a5a00000| Untracked 
|  63|0x00000000a5b00000, 0x00000000a5b00000, 0x00000000a5c00000|  0%| F|  |TAMS 0x00000000a5b00000, 0x00000000a5b00000| Untracked 
|  64|0x00000000a5c00000, 0x00000000a5c00000, 0x00000000a5d00000|  0%| F|  |TAMS 0x00000000a5c00000, 0x00000000a5c00000| Untracked 
|  65|0x00000000a5d00000, 0x00000000a5d00000, 0x00000000a5e00000|  0%| F|  |TAMS 0x00000000a5d00000, 0x00000000a5d00000| Untracked 
|  66|0x00000000a5e00000, 0x00000000a5e00000, 0x00000000a5f00000|  0%| F|  |TAMS 0x00000000a5e00000, 0x00000000a5e00000| Untracked 
|  67|0x00000000a5f00000, 0x00000000a5f00000, 0x00000000a6000000|  0%| F|  |TAMS 0x00000000a5f00000, 0x00000000a5f00000| Untracked 
|  68|0x00000000a6000000, 0x00000000a6000000, 0x00000000a6100000|  0%| F|  |TAMS 0x00000000a6000000, 0x00000000a6000000| Untracked 
|  69|0x00000000a6100000, 0x00000000a6100000, 0x00000000a6200000|  0%| F|  |TAMS 0x00000000a6100000, 0x00000000a6100000| Untracked 
|  70|0x00000000a6200000, 0x00000000a6200000, 0x00000000a6300000|  0%| F|  |TAMS 0x00000000a6200000, 0x00000000a6200000| Untracked 
|  71|0x00000000a6300000, 0x00000000a6300000, 0x00000000a6400000|  0%| F|  |TAMS 0x00000000a6300000, 0x00000000a6300000| Untracked 
|  72|0x00000000a6400000, 0x00000000a6400000, 0x00000000a6500000|  0%| F|  |TAMS 0x00000000a6400000, 0x00000000a6400000| Untracked 
|  73|0x00000000a6500000, 0x00000000a6500000, 0x00000000a6600000|  0%| F|  |TAMS 0x00000000a6500000, 0x00000000a6500000| Untracked 
|  74|0x00000000a6600000, 0x00000000a6600000, 0x00000000a6700000|  0%| F|  |TAMS 0x00000000a6600000, 0x00000000a6600000| Untracked 
|  75|0x00000000a6700000, 0x00000000a6700000, 0x00000000a6800000|  0%| F|  |TAMS 0x00000000a6700000, 0x00000000a6700000| Untracked 
|  76|0x00000000a6800000, 0x00000000a6800000, 0x00000000a6900000|  0%| F|  |TAMS 0x00000000a6800000, 0x00000000a6800000| Untracked 
|  77|0x00000000a6900000, 0x00000000a6900000, 0x00000000a6a00000|  0%| F|  |TAMS 0x00000000a6900000, 0x00000000a6900000| Untracked 
|  78|0x00000000a6a00000, 0x00000000a6a00000, 0x00000000a6b00000|  0%| F|  |TAMS 0x00000000a6a00000, 0x00000000a6a00000| Untracked 
|  79|0x00000000a6b00000, 0x00000000a6b00000, 0x00000000a6c00000|  0%| F|  |TAMS 0x00000000a6b00000, 0x00000000a6b00000| Untracked 
|  80|0x00000000a6c00000, 0x00000000a6c23c90, 0x00000000a6d00000| 13%| S|CS|TAMS 0x00000000a6c00000, 0x00000000a6c00000| Complete 
|  81|0x00000000a6d00000, 0x00000000a6d00000, 0x00000000a6e00000|  0%| F|  |TAMS 0x00000000a6d00000, 0x00000000a6d00000| Untracked 
|  82|0x00000000a6e00000, 0x00000000a6e00000, 0x00000000a6f00000|  0%| F|  |TAMS 0x00000000a6e00000, 0x00000000a6e00000| Untracked 
|  83|0x00000000a6f00000, 0x00000000a7000000, 0x00000000a7000000|100%| S|CS|TAMS 0x00000000a6f00000, 0x00000000a6f00000| Complete 
|  84|0x00000000a7000000, 0x00000000a7000000, 0x00000000a7100000|  0%| F|  |TAMS 0x00000000a7000000, 0x00000000a7000000| Untracked 
|  85|0x00000000a7100000, 0x00000000a7100000, 0x00000000a7200000|  0%| F|  |TAMS 0x00000000a7100000, 0x00000000a7100000| Untracked 
|  86|0x00000000a7200000, 0x00000000a727a878, 0x00000000a7300000| 47%| E|  |TAMS 0x00000000a7200000, 0x00000000a7200000| Complete 
|  87|0x00000000a7300000, 0x00000000a7400000, 0x00000000a7400000|100%| E|CS|TAMS 0x00000000a7300000, 0x00000000a7300000| Complete 
|  88|0x00000000a7400000, 0x00000000a7500000, 0x00000000a7500000|100%| E|CS|TAMS 0x00000000a7400000, 0x00000000a7400000| Complete 
|  89|0x00000000a7500000, 0x00000000a7600000, 0x00000000a7600000|100%| E|CS|TAMS 0x00000000a7500000, 0x00000000a7500000| Complete 
|  90|0x00000000a7600000, 0x00000000a7700000, 0x00000000a7700000|100%| E|CS|TAMS 0x00000000a7600000, 0x00000000a7600000| Complete 
|  91|0x00000000a7700000, 0x00000000a7800000, 0x00000000a7800000|100%| E|CS|TAMS 0x00000000a7700000, 0x00000000a7700000| Complete 
|  92|0x00000000a7800000, 0x00000000a7900000, 0x00000000a7900000|100%| E|CS|TAMS 0x00000000a7800000, 0x00000000a7800000| Complete 
|  93|0x00000000a7900000, 0x00000000a7a00000, 0x00000000a7a00000|100%| E|CS|TAMS 0x00000000a7900000, 0x00000000a7900000| Complete 
|  94|0x00000000a7a00000, 0x00000000a7b00000, 0x00000000a7b00000|100%| E|CS|TAMS 0x00000000a7a00000, 0x00000000a7a00000| Complete 
|  95|0x00000000a7b00000, 0x00000000a7c00000, 0x00000000a7c00000|100%| E|CS|TAMS 0x00000000a7b00000, 0x00000000a7b00000| Complete 

Card table byte_map: [0x0000011177890000,0x0000011177b90000] _byte_map_base: 0x0000011177382000

Marking Bits (Prev, Next): (CMBitMap*) 0x00000111630dae60, (CMBitMap*) 0x00000111630daea0
 Prev Bits: [0x0000011177e90000, 0x0000011179620000)
 Next Bits: [0x0000011179620000, 0x000001117adb0000)

Polling page: 0x0000011162e70000

Metaspace:

Usage:
  Non-class:     18.25 MB used.
      Class:      2.24 MB used.
       Both:     20.49 MB used.

Virtual space:
  Non-class space:       64.00 MB reserved,      18.38 MB ( 29%) committed,  1 nodes.
      Class space:        1.00 GB reserved,       2.38 MB ( <1%) committed,  1 nodes.
             Both:        1.06 GB reserved,      20.75 MB (  2%) committed. 

Chunk freelists:
   Non-Class:  13.59 MB
       Class:  13.61 MB
        Both:  27.20 MB

MaxMetaspaceSize: unlimited
CompressedClassSpaceSize: 1.00 GB
Initial GC threshold: 21.00 MB
Current GC threshold: 21.00 MB
CDS: off
MetaspaceReclaimPolicy: balanced
 - commit_granule_bytes: 65536.
 - commit_granule_words: 8192.
 - virtual_space_node_default_size: 8388608.
 - enlarge_chunks_in_place: 1.
 - new_chunks_are_fully_committed: 0.
 - uncommit_free_chunks: 1.
 - use_allocation_guard: 0.
 - handle_deallocations: 1.


Internal statistics:

num_allocs_failed_limit: 0.
num_arena_births: 212.
num_arena_deaths: 0.
num_vsnodes_births: 2.
num_vsnodes_deaths: 0.
num_space_committed: 332.
num_space_uncommitted: 0.
num_chunks_returned_to_freelist: 0.
num_chunks_taken_from_freelist: 546.
num_chunk_merges: 0.
num_chunk_splits: 317.
num_chunks_enlarged: 209.
num_inconsistent_stats: 0.

CodeHeap 'non-profiled nmethods': size=120000Kb used=477Kb max_used=477Kb free=119523Kb
 bounds [0x000001116fa40000, 0x000001116fcb0000, 0x0000011176f70000]
CodeHeap 'profiled nmethods': size=120000Kb used=3040Kb max_used=3040Kb free=116959Kb
 bounds [0x0000011167f70000, 0x0000011168270000, 0x000001116f4a0000]
CodeHeap 'non-nmethods': size=5760Kb used=1218Kb max_used=1234Kb free=4541Kb
 bounds [0x000001116f4a0000, 0x000001116f710000, 0x000001116fa40000]
 total_blobs=2163 nmethods=1641 adapters=435
 compilation: enabled
              stopped_count=0, restarted_count=0
 full_count=0

Compilation events (20 events):
Event: 5.141 Thread 0x000001117d575cc0 1634       3       java.io.DataInputStream::readFully (59 bytes)
Event: 5.142 Thread 0x000001117d575cc0 nmethod 1634 0x0000011168260e10 code [0x0000011168261000, 0x0000011168261568]
Event: 5.142 Thread 0x000001117d575cc0 1635       3       java.io.DataInputStream::readUnsignedShort (38 bytes)
Event: 5.143 Thread 0x000001117d575cc0 nmethod 1635 0x0000011168261810 code [0x00000111682619e0, 0x0000011168261d88]
Event: 5.143 Thread 0x000001117d575cc0 1636       3       java.io.DataInputStream::readUTF (5 bytes)
Event: 5.144 Thread 0x000001117d575cc0 nmethod 1636 0x0000011168261f10 code [0x00000111682620a0, 0x00000111682621c8]
Event: 5.144 Thread 0x000001117d575cc0 1637       3       java.io.DataInputStream::readShort (6 bytes)
Event: 5.144 Thread 0x000001117d575cc0 nmethod 1637 0x0000011168262290 code [0x0000011168262420, 0x0000011168262568]
Event: 5.150 Thread 0x000001117d575cc0 1639       3       java.io.DataInputStream::readFully (9 bytes)
Event: 5.150 Thread 0x000001117d575cc0 nmethod 1639 0x0000011168262610 code [0x00000111682627c0, 0x0000011168262908]
Event: 5.152 Thread 0x000001117d575cc0 1640   !   3       java.util.concurrent.ConcurrentHashMap::transfer (849 bytes)
Event: 5.158 Thread 0x000001117d575cc0 nmethod 1640 0x0000011168262a10 code [0x0000011168262e60, 0x00000111682655d8]
Event: 5.158 Thread 0x000001117d575cc0 1641       3       java.util.Arrays$ArrayItr::hasNext (18 bytes)
Event: 5.159 Thread 0x000001117d575cc0 nmethod 1641 0x0000011168266d90 code [0x0000011168266f20, 0x0000011168267098]
Event: 5.159 Thread 0x000001117d575cc0 1642       3       java.util.Arrays$ArrayItr::next (36 bytes)
Event: 5.159 Thread 0x000001117d575cc0 nmethod 1642 0x0000011168267190 code [0x0000011168267340, 0x0000011168267588]
Event: 5.159 Thread 0x000001117d575cc0 1643       3       java.util.concurrent.ConcurrentHashMap$KeyIterator::next (34 bytes)
Event: 5.160 Thread 0x000001117d575cc0 nmethod 1643 0x0000011168267690 code [0x0000011168267840, 0x0000011168267af8]
Event: 5.160 Thread 0x000001117d575cc0 1645       3       jdk.internal.jimage.BasicImageReader::verifyLocation (39 bytes)
Event: 5.160 Thread 0x000001117d575cc0 nmethod 1645 0x0000011168267c10 code [0x0000011168267de0, 0x00000111682680a8]

GC Heap History (4 events):
Event: 1.389 GC heap before
{Heap before GC invocations=0 (full 0):
 garbage-first heap   total 98304K, used 16384K [0x00000000a1c00000, 0x0000000100000000)
  region size 1024K, 13 young (13312K), 0 survivors (0K)
 Metaspace       used 13112K, committed 13248K, reserved 1114112K
  class space    used 1277K, committed 1344K, reserved 1048576K
}
Event: 1.410 GC heap after
{Heap after GC invocations=1 (full 0):
 garbage-first heap   total 98304K, used 6508K [0x00000000a1c00000, 0x0000000100000000)
  region size 1024K, 2 young (2048K), 2 survivors (2048K)
 Metaspace       used 13112K, committed 13248K, reserved 1114112K
  class space    used 1277K, committed 1344K, reserved 1048576K
}
Event: 2.430 GC heap before
{Heap before GC invocations=1 (full 0):
 garbage-first heap   total 98304K, used 18796K [0x00000000a1c00000, 0x0000000100000000)
  region size 1024K, 14 young (14336K), 2 survivors (2048K)
 Metaspace       used 18426K, committed 18688K, reserved 1114112K
  class space    used 1951K, committed 2048K, reserved 1048576K
}
Event: 2.438 GC heap after
{Heap after GC invocations=2 (full 0):
 garbage-first heap   total 98304K, used 7440K [0x00000000a1c00000, 0x0000000100000000)
  region size 1024K, 2 young (2048K), 2 survivors (2048K)
 Metaspace       used 18426K, committed 18688K, reserved 1114112K
  class space    used 1951K, committed 2048K, reserved 1048576K
}

Dll operation events (6 events):
Event: 0.024 Loaded shared library C:\Users\DELL\.p2\pool\plugins\org.eclipse.justj.openjdk.hotspot.jre.full.win32.x86_64_17.0.9.v20231028-0858\jre\bin\java.dll
Event: 0.329 Loaded shared library C:\Users\DELL\.p2\pool\plugins\org.eclipse.justj.openjdk.hotspot.jre.full.win32.x86_64_17.0.9.v20231028-0858\jre\bin\net.dll
Event: 0.334 Loaded shared library C:\Users\DELL\.p2\pool\plugins\org.eclipse.justj.openjdk.hotspot.jre.full.win32.x86_64_17.0.9.v20231028-0858\jre\bin\nio.dll
Event: 0.386 Loaded shared library C:\Users\DELL\.p2\pool\plugins\org.eclipse.justj.openjdk.hotspot.jre.full.win32.x86_64_17.0.9.v20231028-0858\jre\bin\zip.dll
Event: 0.570 Loaded shared library C:\Users\DELL\.p2\pool\plugins\org.eclipse.justj.openjdk.hotspot.jre.full.win32.x86_64_17.0.9.v20231028-0858\jre\bin\jimage.dll
Event: 1.026 Loaded shared library C:\Users\DELL\.p2\pool\plugins\org.eclipse.justj.openjdk.hotspot.jre.full.win32.x86_64_17.0.9.v20231028-0858\jre\bin\sunmscapi.dll

Deoptimization events (20 events):
Event: 2.406 Thread 0x000001117d832b00 Uncommon trap: trap_request=0xffffffde fr.pc=0x000001116faa572c relative=0x000000000000010c
Event: 2.406 Thread 0x000001117d832b00 Uncommon trap: reason=class_check action=maybe_recompile pc=0x000001116faa572c method=jdk.internal.misc.Unsafe.allocateUninitializedArray(Ljava/lang/Class;I)Ljava/lang/Object; @ 51 c2
Event: 2.406 Thread 0x000001117d832b00 DEOPT PACKING pc=0x000001116faa572c sp=0x0000000ca61fe1e0
Event: 2.406 Thread 0x000001117d832b00 DEOPT UNPACKING pc=0x000001116f4f69a3 sp=0x0000000ca61fe168 mode 2
Event: 2.407 Thread 0x000001117d832b00 Uncommon trap: trap_request=0xffffffde fr.pc=0x000001116faa572c relative=0x000000000000010c
Event: 2.407 Thread 0x000001117d832b00 Uncommon trap: reason=class_check action=maybe_recompile pc=0x000001116faa572c method=jdk.internal.misc.Unsafe.allocateUninitializedArray(Ljava/lang/Class;I)Ljava/lang/Object; @ 51 c2
Event: 2.407 Thread 0x000001117d832b00 DEOPT PACKING pc=0x000001116faa572c sp=0x0000000ca61fdcb0
Event: 2.407 Thread 0x000001117d832b00 DEOPT UNPACKING pc=0x000001116f4f69a3 sp=0x0000000ca61fdc38 mode 2
Event: 2.407 Thread 0x000001117d832b00 Uncommon trap: trap_request=0xffffffde fr.pc=0x000001116faa572c relative=0x000000000000010c
Event: 2.407 Thread 0x000001117d832b00 Uncommon trap: reason=class_check action=maybe_recompile pc=0x000001116faa572c method=jdk.internal.misc.Unsafe.allocateUninitializedArray(Ljava/lang/Class;I)Ljava/lang/Object; @ 51 c2
Event: 2.407 Thread 0x000001117d832b00 DEOPT PACKING pc=0x000001116faa572c sp=0x0000000ca61fdad0
Event: 2.407 Thread 0x000001117d832b00 DEOPT UNPACKING pc=0x000001116f4f69a3 sp=0x0000000ca61fda58 mode 2
Event: 4.907 Thread 0x000001116308fa60 Uncommon trap: trap_request=0xffffff45 fr.pc=0x000001116fa94b50 relative=0x0000000000000850
Event: 4.907 Thread 0x000001116308fa60 Uncommon trap: reason=unstable_if action=reinterpret pc=0x000001116fa94b50 method=java.util.HashMap.putVal(ILjava/lang/Object;Ljava/lang/Object;ZZ)Ljava/lang/Object; @ 81 c2
Event: 4.907 Thread 0x000001116308fa60 DEOPT PACKING pc=0x000001116fa94b50 sp=0x0000000ca42fe680
Event: 4.907 Thread 0x000001116308fa60 DEOPT UNPACKING pc=0x000001116f4f69a3 sp=0x0000000ca42fe5b8 mode 2
Event: 4.939 Thread 0x000001116308fa60 Uncommon trap: trap_request=0xffffff45 fr.pc=0x000001116fa98980 relative=0x0000000000000de0
Event: 4.939 Thread 0x000001116308fa60 Uncommon trap: reason=unstable_if action=reinterpret pc=0x000001116fa98980 method=java.util.concurrent.ConcurrentHashMap.putVal(Ljava/lang/Object;Ljava/lang/Object;Z)Ljava/lang/Object; @ 231 c2
Event: 4.939 Thread 0x000001116308fa60 DEOPT PACKING pc=0x000001116fa98980 sp=0x0000000ca42fede0
Event: 4.939 Thread 0x000001116308fa60 DEOPT UNPACKING pc=0x000001116f4f69a3 sp=0x0000000ca42fed50 mode 2

Classes unloaded (0 events):
No events

Classes redefined (0 events):
No events

Internal exceptions (20 events):
Event: 1.908 Thread 0x000001117e29f470 Exception <a 'java/net/ConnectException'{0x00000000a77d01a0}: Connection refused: no further information> (0x00000000a77d01a0) 
thrown [s\src\hotspot\share\prims\jni.cpp, line 535]
Event: 1.908 Thread 0x000001117e29f470 Exception <a 'java/net/SocketException'{0x00000000a77d04d8}: Socket is not connected: shutdown> (0x00000000a77d04d8) 
thrown [s\src\hotspot\share\prims\jni.cpp, line 535]
Event: 1.940 Thread 0x000001117e29f470 Exception <a 'java/net/ConnectException'{0x00000000a77d1400}: Connection refused: no further information> (0x00000000a77d1400) 
thrown [s\src\hotspot\share\prims\jni.cpp, line 535]
Event: 1.940 Thread 0x000001117e29f470 Exception <a 'java/net/SocketException'{0x00000000a77d1738}: Socket is not connected: shutdown> (0x00000000a77d1738) 
thrown [s\src\hotspot\share\prims\jni.cpp, line 535]
Event: 2.051 Thread 0x000001116308fa60 Exception <a 'java/lang/NoSuchMethodError'{0x00000000a763acc8}: 'int java.lang.invoke.DirectMethodHandle$Holder.invokeVirtual(java.lang.Object, java.lang.Object)'> (0x00000000a763acc8) 
thrown [s\src\hotspot\share\interpreter\linkResolver.cpp, line 759]
Event: 2.053 Thread 0x000001116308fa60 Exception <a 'java/lang/NoSuchMethodError'{0x00000000a76411e8}: 'double java.lang.invoke.DirectMethodHandle$Holder.invokeVirtual(java.lang.Object, java.lang.Object)'> (0x00000000a76411e8) 
thrown [s\src\hotspot\share\interpreter\linkResolver.cpp, line 759]
Event: 2.054 Thread 0x000001116308fa60 Exception <a 'java/lang/NoSuchMethodError'{0x00000000a7647990}: 'float java.lang.invoke.DirectMethodHandle$Holder.invokeVirtual(java.lang.Object, java.lang.Object)'> (0x00000000a7647990) 
thrown [s\src\hotspot\share\interpreter\linkResolver.cpp, line 759]
Event: 2.057 Thread 0x000001116308fa60 Exception <a 'java/lang/NoSuchMethodError'{0x00000000a7650c80}: 'long java.lang.invoke.DirectMethodHandle$Holder.invokeVirtual(java.lang.Object, java.lang.Object)'> (0x00000000a7650c80) 
thrown [s\src\hotspot\share\interpreter\linkResolver.cpp, line 759]
Event: 2.070 Thread 0x000001116308fa60 Exception <a 'java/lang/NoSuchMethodError'{0x00000000a767a438}: 'void java.lang.invoke.DirectMethodHandle$Holder.invokeStatic(java.lang.Object, java.lang.Object, java.lang.Object)'> (0x00000000a767a438) 
thrown [s\src\hotspot\share\interpreter\linkResolver.cpp, line 759]
Event: 2.073 Thread 0x000001116308fa60 Exception <a 'java/lang/NoSuchMethodError'{0x00000000a7680958}: 'java.lang.Object java.lang.invoke.DirectMethodHandle$Holder.invokeVirtual(java.lang.Object, java.lang.Object, java.lang.Object)'> (0x00000000a7680958) 
thrown [s\src\hotspot\share\interpreter\linkResolver.cpp, line 759]
Event: 2.147 Thread 0x000001116308fa60 Exception <a 'java/lang/NoSuchMethodError'{0x00000000a75972a8}: 'java.lang.Object java.lang.invoke.DirectMethodHandle$Holder.newInvokeSpecial(java.lang.Object, java.lang.Object, int, int)'> (0x00000000a75972a8) 
thrown [s\src\hotspot\share\interpreter\linkResolver.cpp, line 759]
Event: 2.153 Thread 0x000001116308fa60 Exception <a 'java/lang/NoSuchMethodError'{0x00000000a75a21d0}: 'void java.lang.invoke.DirectMethodHandle$Holder.invokeStatic(java.lang.Object, java.lang.Object, int)'> (0x00000000a75a21d0) 
thrown [s\src\hotspot\share\interpreter\linkResolver.cpp, line 759]
Event: 2.238 Thread 0x000001116308fa60 Exception <a 'java/lang/NoSuchMethodError'{0x00000000a74c9458}: 'java.lang.Object java.lang.invoke.DirectMethodHandle$Holder.newInvokeSpecial(java.lang.Object, java.lang.Object, java.lang.Object, java.lang.Object, java.lang.Object)'> (0x00000000a74c9458) 
thrown [s\src\hotspot\share\interpreter\linkResolver.cpp, line 759]
Event: 2.359 Thread 0x000001116308fa60 Exception <a 'java/lang/NoSuchMethodError'{0x00000000a72fa7e8}: 'void java.lang.invoke.DirectMethodHandle$Holder.invokeSpecial(java.lang.Object, java.lang.Object, java.lang.Object)'> (0x00000000a72fa7e8) 
thrown [s\src\hotspot\share\interpreter\linkResolver.cpp, line 759]
Event: 2.362 Thread 0x000001116308fa60 Exception <a 'java/lang/NoSuchMethodError'{0x00000000a7107660}: 'void java.lang.invoke.DirectMethodHandle$Holder.invokeStatic(java.lang.Object, java.lang.Object, java.lang.Object, java.lang.Object)'> (0x00000000a7107660) 
thrown [s\src\hotspot\share\interpreter\linkResolver.cpp, line 759]
Event: 2.440 Thread 0x000001117d832b00 Exception <a 'java/lang/NoSuchMethodError'{0x00000000a7b01d60}: 'java.lang.Object java.lang.invoke.DirectMethodHandle$Holder.invokeSpecial(java.lang.Object, java.lang.Object, java.lang.Object, java.lang.Object, int)'> (0x00000000a7b01d60) 
thrown [s\src\hotspot\share\interpreter\linkResolver.cpp, line 759]
Event: 2.441 Thread 0x000001117d832b00 Exception <a 'java/lang/NoSuchMethodError'{0x00000000a7b05928}: 'java.lang.Object java.lang.invoke.Invokers$Holder.linkToTargetMethod(java.lang.Object, java.lang.Object, int, java.lang.Object)'> (0x00000000a7b05928) 
thrown [s\src\hotspot\share\interpreter\linkResolver.cpp, line 759]
Event: 2.497 Thread 0x000001117d832b00 Exception <a 'java/lang/NoSuchMethodError'{0x00000000a7a53060}: 'void java.lang.invoke.DirectMethodHandle$Holder.invokeSpecial(java.lang.Object, java.lang.Object, java.lang.Object, java.lang.Object, java.lang.Object)'> (0x00000000a7a53060) 
thrown [s\src\hotspot\share\interpreter\linkResolver.cpp, line 759]
Event: 4.695 Thread 0x000001117d833520 Exception <a 'java/lang/NoSuchMethodError'{0x00000000a79fac68}: 'void java.lang.invoke.DirectMethodHandle$Holder.invokeSpecial(java.lang.Object, java.lang.Object, java.lang.Object, java.lang.Object, java.lang.Object, java.lang.Object, java.lang.Object)'> (0x00000000a79fac68) 
thrown [s\src\hotspot\share\interpreter\linkResolver.cpp, line 759]
Event: 4.887 Thread 0x000001116308fa60 Exception <a 'java/lang/NoSuchMethodError'{0x00000000a77c9ed8}: 'java.lang.Object java.lang.invoke.DirectMethodHandle$Holder.invokeSpecialIFC(java.lang.Object, java.lang.Object, java.lang.Object)'> (0x00000000a77c9ed8) 
thrown [s\src\hotspot\share\interpreter\linkResolver.cpp, line 759]

VM Operations (20 events):
Event: 0.904 Executing VM operation: HandshakeAllThreads
Event: 0.904 Executing VM operation: HandshakeAllThreads done
Event: 0.994 Executing VM operation: HandshakeAllThreads
Event: 0.994 Executing VM operation: HandshakeAllThreads done
Event: 1.389 Executing VM operation: G1CollectForAllocation
Event: 1.411 Executing VM operation: G1CollectForAllocation done
Event: 1.526 Executing VM operation: HandshakeAllThreads
Event: 1.526 Executing VM operation: HandshakeAllThreads done
Event: 1.623 Executing VM operation: HandshakeAllThreads
Event: 1.623 Executing VM operation: HandshakeAllThreads done
Event: 2.002 Executing VM operation: HandshakeAllThreads
Event: 2.003 Executing VM operation: HandshakeAllThreads done
Event: 2.014 Executing VM operation: HandshakeAllThreads
Event: 2.014 Executing VM operation: HandshakeAllThreads done
Event: 2.430 Executing VM operation: G1CollectForAllocation
Event: 2.438 Executing VM operation: G1CollectForAllocation done
Event: 3.441 Executing VM operation: Cleanup
Event: 3.441 Executing VM operation: Cleanup done
Event: 4.639 Executing VM operation: HandshakeAllThreads
Event: 4.640 Executing VM operation: HandshakeAllThreads done

Events (20 events):
Event: 5.173 loading class sun/util/locale/provider/LocaleProviderAdapter$1
Event: 5.173 loading class sun/util/locale/provider/LocaleProviderAdapter$1 done
Event: 5.173 loading class sun/util/cldr/CLDRLocaleProviderAdapter
Event: 5.174 loading class sun/util/locale/provider/JRELocaleProviderAdapter
Event: 5.174 loading class sun/util/locale/provider/ResourceBundleBasedAdapter
Event: 5.174 loading class sun/util/locale/provider/ResourceBundleBasedAdapter done
Event: 5.175 loading class sun/util/locale/provider/JRELocaleProviderAdapter done
Event: 5.175 loading class sun/util/cldr/CLDRLocaleProviderAdapter done
Event: 5.175 loading class sun/util/cldr/CLDRBaseLocaleDataMetaInfo
Event: 5.177 loading class sun/util/locale/provider/LocaleDataMetaInfo
Event: 5.177 loading class sun/util/locale/provider/LocaleDataMetaInfo done
Event: 5.177 loading class sun/util/cldr/CLDRBaseLocaleDataMetaInfo done
Event: 5.178 loading class sun/util/locale/LanguageTag
Event: 5.179 loading class sun/util/locale/LanguageTag done
Event: 5.180 loading class sun/util/locale/ParseStatus
Event: 5.180 loading class sun/util/locale/ParseStatus done
Event: 5.180 loading class sun/util/locale/StringTokenIterator
Event: 5.181 loading class sun/util/locale/StringTokenIterator done
Event: 5.181 loading class sun/util/locale/InternalLocaleBuilder
Event: 5.183 loading class sun/util/locale/InternalLocaleBuilder done


Dynamic libraries:
0x00007ff67e5a0000 - 0x00007ff67e5ae000 	C:\Users\DELL\.p2\pool\plugins\org.eclipse.justj.openjdk.hotspot.jre.full.win32.x86_64_17.0.9.v20231028-0858\jre\bin\javaw.exe
0x00007ffc8d1f0000 - 0x00007ffc8d3e8000 	C:\Windows\SYSTEM32\ntdll.dll
0x00007ffc6a700000 - 0x00007ffc6a719000 	C:\Program Files\Avast Software\Avast\aswhook.dll
0x00007ffc8c6b0000 - 0x00007ffc8c76d000 	C:\Windows\System32\KERNEL32.DLL
0x00007ffc8a970000 - 0x00007ffc8ac66000 	C:\Windows\System32\KERNELBASE.dll
0x00007ffc8afa0000 - 0x00007ffc8b0a0000 	C:\Windows\System32\ucrtbase.dll
0x00007ffc75c90000 - 0x00007ffc75ca7000 	C:\Users\DELL\.p2\pool\plugins\org.eclipse.justj.openjdk.hotspot.jre.full.win32.x86_64_17.0.9.v20231028-0858\jre\bin\jli.dll
0x00007ffc8bcf0000 - 0x00007ffc8be8e000 	C:\Windows\System32\USER32.dll
0x00007ffc75cb0000 - 0x00007ffc75ccb000 	C:\Users\DELL\.p2\pool\plugins\org.eclipse.justj.openjdk.hotspot.jre.full.win32.x86_64_17.0.9.v20231028-0858\jre\bin\VCRUNTIME140.dll
0x00007ffc8a8d0000 - 0x00007ffc8a8f2000 	C:\Windows\System32\win32u.dll
0x00007ffc8c9d0000 - 0x00007ffc8c9fc000 	C:\Windows\System32\GDI32.dll
0x00007ffc8ae80000 - 0x00007ffc8af9a000 	C:\Windows\System32\gdi32full.dll
0x00007ffc7c450000 - 0x00007ffc7c6ea000 	C:\Windows\WinSxS\amd64_microsoft.windows.common-controls_6595b64144ccf1df_6.0.19041.3636_none_60b6a03d71f818d5\COMCTL32.dll
0x00007ffc8ad30000 - 0x00007ffc8adcd000 	C:\Windows\System32\msvcp_win.dll
0x00007ffc8c4c0000 - 0x00007ffc8c55e000 	C:\Windows\System32\msvcrt.dll
0x00007ffc8c330000 - 0x00007ffc8c360000 	C:\Windows\System32\IMM32.DLL
0x00007ffc7b330000 - 0x00007ffc7b33c000 	C:\Users\DELL\.p2\pool\plugins\org.eclipse.justj.openjdk.hotspot.jre.full.win32.x86_64_17.0.9.v20231028-0858\jre\bin\vcruntime140_1.dll
0x00007ffc6e740000 - 0x00007ffc6e7cd000 	C:\Users\DELL\.p2\pool\plugins\org.eclipse.justj.openjdk.hotspot.jre.full.win32.x86_64_17.0.9.v20231028-0858\jre\bin\msvcp140.dll
0x00007ffc579c0000 - 0x00007ffc58621000 	C:\Users\DELL\.p2\pool\plugins\org.eclipse.justj.openjdk.hotspot.jre.full.win32.x86_64_17.0.9.v20231028-0858\jre\bin\server\jvm.dll
0x00007ffc8bac0000 - 0x00007ffc8bb6f000 	C:\Windows\System32\ADVAPI32.dll
0x00007ffc8b260000 - 0x00007ffc8b2fc000 	C:\Windows\System32\sechost.dll
0x00007ffc8c560000 - 0x00007ffc8c686000 	C:\Windows\System32\RPCRT4.dll
0x00007ffc7a130000 - 0x00007ffc7a139000 	C:\Windows\SYSTEM32\WSOCK32.dll
0x00007ffc8a720000 - 0x00007ffc8a76b000 	C:\Windows\SYSTEM32\POWRPROF.dll
0x00007ffc8b970000 - 0x00007ffc8b9db000 	C:\Windows\System32\WS2_32.dll
0x00007ffc7d220000 - 0x00007ffc7d247000 	C:\Windows\SYSTEM32\WINMM.dll
0x00007ffc84130000 - 0x00007ffc8413a000 	C:\Windows\SYSTEM32\VERSION.dll
0x00007ffc8a700000 - 0x00007ffc8a712000 	C:\Windows\SYSTEM32\UMPDC.dll
0x00007ffc88790000 - 0x00007ffc887a2000 	C:\Windows\SYSTEM32\kernel.appcore.dll
0x00007ffc81c30000 - 0x00007ffc81c3a000 	C:\Users\DELL\.p2\pool\plugins\org.eclipse.justj.openjdk.hotspot.jre.full.win32.x86_64_17.0.9.v20231028-0858\jre\bin\jimage.dll
0x00007ffc81dd0000 - 0x00007ffc81fb4000 	C:\Windows\SYSTEM32\DBGHELP.DLL
0x00007ffc813c0000 - 0x00007ffc813f4000 	C:\Windows\SYSTEM32\dbgcore.DLL
0x00007ffc8aca0000 - 0x00007ffc8ad22000 	C:\Windows\System32\bcryptPrimitives.dll
0x00007ffc76be0000 - 0x00007ffc76c05000 	C:\Users\DELL\.p2\pool\plugins\org.eclipse.justj.openjdk.hotspot.jre.full.win32.x86_64_17.0.9.v20231028-0858\jre\bin\java.dll
0x00007ffc7af20000 - 0x00007ffc7af38000 	C:\Users\DELL\.p2\pool\plugins\org.eclipse.justj.openjdk.hotspot.jre.full.win32.x86_64_17.0.9.v20231028-0858\jre\bin\zip.dll
0x00007ffc8ca60000 - 0x00007ffc8d1a4000 	C:\Windows\System32\SHELL32.dll
0x00007ffc88990000 - 0x00007ffc8912b000 	C:\Windows\SYSTEM32\windows.storage.dll
0x00007ffc8be90000 - 0x00007ffc8c1e4000 	C:\Windows\System32\combase.dll
0x00007ffc8a240000 - 0x00007ffc8a26d000 	C:\Windows\SYSTEM32\Wldp.dll
0x00007ffc8c920000 - 0x00007ffc8c9cd000 	C:\Windows\System32\SHCORE.dll
0x00007ffc8c1f0000 - 0x00007ffc8c245000 	C:\Windows\System32\shlwapi.dll
0x00007ffc8a800000 - 0x00007ffc8a825000 	C:\Windows\SYSTEM32\profapi.dll
0x00007ffc76b50000 - 0x00007ffc76b69000 	C:\Users\DELL\.p2\pool\plugins\org.eclipse.justj.openjdk.hotspot.jre.full.win32.x86_64_17.0.9.v20231028-0858\jre\bin\net.dll
0x00007ffc81030000 - 0x00007ffc8113a000 	C:\Windows\SYSTEM32\WINHTTP.dll
0x00007ffc89fa0000 - 0x00007ffc8a00a000 	C:\Windows\system32\mswsock.dll
0x00007ffc76b30000 - 0x00007ffc76b46000 	C:\Users\DELL\.p2\pool\plugins\org.eclipse.justj.openjdk.hotspot.jre.full.win32.x86_64_17.0.9.v20231028-0858\jre\bin\nio.dll
0x00007ffc89cd0000 - 0x00007ffc89d9a000 	C:\Windows\SYSTEM32\DNSAPI.dll
0x00007ffc89c90000 - 0x00007ffc89ccb000 	C:\Windows\SYSTEM32\IPHLPAPI.DLL
0x00007ffc8c690000 - 0x00007ffc8c698000 	C:\Windows\System32\NSI.dll
0x00007ffc7aed0000 - 0x00007ffc7aeda000 	C:\Windows\System32\rasadhlp.dll
0x00007ffc7bcd0000 - 0x00007ffc7bd50000 	C:\Windows\System32\fwpuclnt.dll
0x00007ffc8ac70000 - 0x00007ffc8ac97000 	C:\Windows\System32\bcrypt.dll
0x00007ffc86350000 - 0x00007ffc8635e000 	C:\Users\DELL\.p2\pool\plugins\org.eclipse.justj.openjdk.hotspot.jre.full.win32.x86_64_17.0.9.v20231028-0858\jre\bin\sunmscapi.dll
0x00007ffc8b0a0000 - 0x00007ffc8b1fd000 	C:\Windows\System32\CRYPT32.dll
0x00007ffc8a2b0000 - 0x00007ffc8a2d7000 	C:\Windows\SYSTEM32\ncrypt.dll
0x00007ffc8a270000 - 0x00007ffc8a2ab000 	C:\Windows\SYSTEM32\NTASN1.dll
0x00007ffc8a1a0000 - 0x00007ffc8a1b8000 	C:\Windows\SYSTEM32\CRYPTSP.dll
0x00007ffc898d0000 - 0x00007ffc89904000 	C:\Windows\system32\rsaenh.dll
0x00007ffc8a780000 - 0x00007ffc8a7ae000 	C:\Windows\SYSTEM32\USERENV.dll
0x00007ffc8a190000 - 0x00007ffc8a19c000 	C:\Windows\SYSTEM32\CRYPTBASE.dll
0x00007ffc829b0000 - 0x00007ffc829c7000 	C:\Windows\SYSTEM32\dhcpcsvc6.DLL
0x00007ffc83ff0000 - 0x00007ffc8400d000 	C:\Windows\SYSTEM32\dhcpcsvc.DLL
0x00007ffc7b2d0000 - 0x00007ffc7b2d7000 	C:\Windows\system32\wshunix.dll

dbghelp: loaded successfully - version: 4.0.5 - missing functions: none
symbol engine: initialized successfully - sym options: 0x614 - pdb path: .;C:\Users\DELL\.p2\pool\plugins\org.eclipse.justj.openjdk.hotspot.jre.full.win32.x86_64_17.0.9.v20231028-0858\jre\bin;C:\Windows\SYSTEM32;C:\Program Files\Avast Software\Avast;C:\Windows\WinSxS\amd64_microsoft.windows.common-controls_6595b64144ccf1df_6.0.19041.3636_none_60b6a03d71f818d5;C:\Users\DELL\.p2\pool\plugins\org.eclipse.justj.openjdk.hotspot.jre.full.win32.x86_64_17.0.9.v20231028-0858\jre\bin\server

VM Arguments:
jvm_args: -Dfile.encoding=UTF-8 -Dstdout.encoding=UTF-8 -Dstderr.encoding=UTF-8 -XX:+ShowCodeDetailsInExceptionMessages 
java_command: ExplicitWaitPart1
java_class_path (initial): F:\selenium\RCVDemo\bin;C:\Users\DELL\Downloads\selenium-server-4.15.0.jar
Launcher Type: SUN_STANDARD

[Global flags]
     intx CICompilerCount                          = 3                                         {product} {ergonomic}
     uint ConcGCThreads                            = 1                                         {product} {ergonomic}
     uint G1ConcRefinementThreads                  = 4                                         {product} {ergonomic}
   size_t G1HeapRegionSize                         = 1048576                                   {product} {ergonomic}
    uintx GCDrainStackTargetSize                   = 64                                        {product} {ergonomic}
   size_t InitialHeapSize                          = 100663296                                 {product} {ergonomic}
   size_t MarkStackSize                            = 4194304                                   {product} {ergonomic}
   size_t MaxHeapSize                              = 1581252608                                {product} {ergonomic}
   size_t MaxNewSize                               = 947912704                                 {product} {ergonomic}
   size_t MinHeapDeltaBytes                        = 1048576                                   {product} {ergonomic}
   size_t MinHeapSize                              = 8388608                                   {product} {ergonomic}
    uintx NonNMethodCodeHeapSize                   = 5832780                                {pd product} {ergonomic}
    uintx NonProfiledCodeHeapSize                  = 122912730                              {pd product} {ergonomic}
    uintx ProfiledCodeHeapSize                     = 122912730                              {pd product} {ergonomic}
    uintx ReservedCodeCacheSize                    = 251658240                              {pd product} {ergonomic}
     bool SegmentedCodeCache                       = true                                      {product} {ergonomic}
     bool ShowCodeDetailsInExceptionMessages       = true                                   {manageable} {command line}
   size_t SoftMaxHeapSize                          = 1581252608                             {manageable} {ergonomic}
     bool UseCompressedClassPointers               = true                           {product lp64_product} {ergonomic}
     bool UseCompressedOops                        = true                           {product lp64_product} {ergonomic}
     bool UseG1GC                                  = true                                      {product} {ergonomic}
     bool UseLargePagesIndividualAllocation        = false                                  {pd product} {ergonomic}

Logging:
Log output configuration:
 #0: stdout all=warning uptime,level,tags
 #1: stderr all=off uptime,level,tags

Environment Variables:
PATH=C:/Users/DELL/.p2/pool/plugins/org.eclipse.justj.openjdk.hotspot.jre.full.win32.x86_64_17.0.9.v20231028-0858/jre/bin/server;C:/Users/DELL/.p2/pool/plugins/org.eclipse.justj.openjdk.hotspot.jre.full.win32.x86_64_17.0.9.v20231028-0858/jre/bin;C:\Program Files\Common Files\Oracle\Java\javapath;C:\Program Files\Microsoft MPI\Bin\;C:\Windows\system32;C:\Windows;C:\Windows\System32\Wbem;C:\Windows\System32\WindowsPowerShell\v1.0\;C:\Windows\System32\OpenSSH\;C:\Program Files\Java\jdk1.8.0_231\bin;C:\Program Files\Git\cmd;C:\Program Files\dotnet\;C:\Program Files\Microsoft SQL Server\130\Tools\Binn\;C:\Program Files\Microsoft SQL Server\Client SDK\ODBC\170\Tools\Binn\;C:\Program Files (x86)\Microsoft SQL Server\150\DTS\Binn\;C:\Program Files\Azure Data Studio\bin;C:\Program Files (x86)\Microsoft SQL Server\160\Tools\Binn\;C:\Program Files\Microsoft SQL Server\160\Tools\Binn\;C:\Program Files\Microsoft SQL Server\160\DTS\Binn\;C:\Program Files\nodejs\;C:\Users\DELL\AppData\Roaming\Microsoft\Windows\Start Menu\Programs\Python 3.11;C:\Users\DELL\AppData\Local\Programs\Python\Python311\Scripts\;C:\Users\DELL\AppData\Local\Programs\Python\Python311\;C:\Users\DELL\AppData\Local\Microsoft\WindowsApps;C:\Users\DELL\AppData\Local\GitHubDesktop\bin;C:\Users\DELL\AppData\Local\Programs\Microsoft VS Code\bin;C:\Users\DELL\.dotnet\tools;C:\Program Files\Azure Data Studio\bin;C:\Users\DELL\AppData\Roaming\npm;C:\Program Files\JetBrains\IntelliJ IDEA 2022.3.1\bin;;C:\Users\DELL\AppData\Local\Programs\Python\Python311\Scripts;C:\Users\DELL\AppData\Local\Programs\Python\Python311;C:\Program Files (x86)\MongoDB Atlas CLI\;;C:\Users\DELL\Desktop;
USERNAME=DELL
OS=Windows_NT
PROCESSOR_IDENTIFIER=Intel64 Family 6 Model 58 Stepping 9, GenuineIntel
TMP=C:\Users\DELL\AppData\Local\Temp
TEMP=C:\Users\DELL\AppData\Local\Temp



Periodic native trim disabled


---------------  S Y S T E M  ---------------

OS:
 Windows 10 , 64 bit Build 19041 (10.0.19041.3636)
OS uptime: 1 days 10:53 hours

CPU: total 4 (initial active 4) (2 cores per cpu, 2 threads per core) family 6 model 58 stepping 9 microcode 0x21, cx8, cmov, fxsr, ht, mmx, sse, sse2, sse3, ssse3, sse4.1, sse4.2, popcnt, tsc, tscinvbit, avx, erms, clmul, vzeroupper, clflush
Processor Information for all 4 processors :
  Max Mhz: 1801, Current Mhz: 1801, Mhz Limit: 1801

Memory: 4k page, system-wide physical 6025M (454M free)
TotalPageFile size 12596M (AvailPageFile size 17M)
current process WorkingSet (physical memory assigned to process): 90M, peak: 91M
current process commit charge ("private bytes"): 192M, peak: 194M

vm_info: OpenJDK 64-Bit Server VM (17.0.9+9) for windows-amd64 JRE (17.0.9+9), built on Oct 26 2023 14:01:42 by "admin" with MS VC++ 16.10 / 16.11 (VS2019)

END.
